[debug] [2023-05-22T19:41:30.263Z] ----------------------------------------------------------------------
[debug] [2023-05-22T19:41:30.266Z] Command:       C:\Program Files\nodejs\node.exe C:\Users\Robin\AppData\Roaming\npm\node_modules\firebase-tools\lib\bin\firebase.js init
[debug] [2023-05-22T19:41:30.267Z] CLI Version:   12.1.0
[debug] [2023-05-22T19:41:30.267Z] Platform:      win32
[debug] [2023-05-22T19:41:30.268Z] Node Version:  v18.15.0
[debug] [2023-05-22T19:41:30.269Z] Time:          Mon May 22 2023 12:41:30 GMT-0700 (Pacific Daylight Time)
[debug] [2023-05-22T19:41:30.269Z] ----------------------------------------------------------------------
[debug] 
[debug] [2023-05-22T19:41:30.274Z] >>> [apiv2][query] GET https://firebase-public.firebaseio.com/cli.json [none]
[debug] [2023-05-22T19:41:30.342Z] > command requires scopes: ["email","openid","https://www.googleapis.com/auth/cloudplatformprojects.readonly","https://www.googleapis.com/auth/firebase","https://www.googleapis.com/auth/cloud-platform"]
[debug] [2023-05-22T19:41:30.343Z] > authorizing via signed-in user (himanshu01.dev@gmail.com)
[info] 
     ######## #### ########  ######## ########     ###     ######  ########
     ##        ##  ##     ## ##       ##     ##  ##   ##  ##       ##
     ######    ##  ########  ######   ########  #########  ######  ######
     ##        ##  ##    ##  ##       ##     ## ##     ##       ## ##
     ##       #### ##     ## ######## ########  ##     ##  ######  ########

You're about to initialize a Firebase project in this directory:

  P:\verde-news

[debug] [2023-05-22T19:41:31.019Z] <<< [apiv2][status] GET https://firebase-public.firebaseio.com/cli.json 200
[debug] [2023-05-22T19:41:31.019Z] <<< [apiv2][body] GET https://firebase-public.firebaseio.com/cli.json {"cloudBuildErrorAfter":1594252800000,"cloudBuildWarnAfter":1590019200000,"defaultNode10After":1594252800000,"minVersion":"3.0.5","node8DeploysDisabledAfter":1613390400000,"node8RuntimeDisabledAfter":1615809600000,"node8WarnAfter":1600128000000}
